<?xml version="1.0" encoding="UTF-8"?>
<!-- Generated by org.testng.reporters.JUnitReportReporter -->
<testsuite hostname="Deniss-Air" name="iConnectConsulting.LabWebportal" tests="1" failures="0" timestamp="30 Jun 2016 23:58:18 GMT" time="8.024" errors="0">
  <testcase name="labwebportalLoginPass" time="8.024" classname="iConnectConsulting.LabWebportal"/>
</testsuite> <!-- iConnectConsulting.LabWebportal -->
