<?xml version="1.0" encoding="UTF-8"?>
<!-- Generated by org.testng.reporters.JUnitReportReporter -->
<testsuite hostname="Deniss-MacBook-Air.local" name="iConnectConsulting.LabWebportal" tests="1" failures="0" timestamp="29 Jun 2016 18:29:00 GMT" time="13.523" errors="0">
  <testcase name="labwebportalLoginPass" time="13.523" classname="iConnectConsulting.LabWebportal"/>
</testsuite> <!-- iConnectConsulting.LabWebportal -->
